2021-07-26_00:09:53.281 [http-nio-8080-exec-7] [, ,  ] WARN  com.nt.rookie.post.config.JwtRequestFilter - JWT Token does not begin with Bearer String
2021-07-26_00:09:53.292 [http-nio-8080-exec-7] [, ,  ] INFO  com.nt.rookie.post.controller.PostController - Function name: getAllPosts
2021-07-26_00:09:53.293 [http-nio-8080-exec-7] [, ,  ] DEBUG com.nt.rookie.post.controller.PostController - Execute get all post list
2021-07-26_00:09:53.303 [http-nio-8080-exec-7] [, ,  ] TRACE com.nt.rookie.post.controller.PostController - Return Post
2021-07-26_00:11:32.345 [http-nio-8080-exec-10] [, ,  ] WARN  com.nt.rookie.post.config.JwtRequestFilter - JWT Token does not begin with Bearer String
2021-07-26_00:11:32.347 [http-nio-8080-exec-10] [, ,  ] INFO  com.nt.rookie.post.controller.PostController - Function name: getAllPosts
2021-07-26_00:11:32.347 [http-nio-8080-exec-10] [, ,  ] DEBUG com.nt.rookie.post.controller.PostController - Execute get all post list
2021-07-26_00:11:32.353 [http-nio-8080-exec-10] [, ,  ] TRACE com.nt.rookie.post.controller.PostController - Return Post
2021-07-26_00:12:01.248 [http-nio-8080-exec-9] [, ,  ] WARN  com.nt.rookie.post.config.JwtRequestFilter - JWT Token does not begin with Bearer String
2021-07-26_00:12:01.249 [http-nio-8080-exec-9] [, ,  ] INFO  com.nt.rookie.post.controller.PostController - Function name: getAllPosts
2021-07-26_00:12:01.249 [http-nio-8080-exec-9] [, ,  ] DEBUG com.nt.rookie.post.controller.PostController - Execute get all post list
2021-07-26_00:12:01.255 [http-nio-8080-exec-9] [, ,  ] TRACE com.nt.rookie.post.controller.PostController - Return Post
2021-07-26_00:13:14.410 [http-nio-8080-exec-2] [, ,  ] WARN  com.nt.rookie.post.config.JwtRequestFilter - JWT Token does not begin with Bearer String
2021-07-26_00:13:14.413 [http-nio-8080-exec-2] [, ,  ] INFO  com.nt.rookie.post.controller.PostController - Function name: getAllPosts
2021-07-26_00:13:14.413 [http-nio-8080-exec-2] [, ,  ] DEBUG com.nt.rookie.post.controller.PostController - Execute get all post list
2021-07-26_00:13:14.424 [http-nio-8080-exec-2] [, ,  ] TRACE com.nt.rookie.post.controller.PostController - Return Post
2021-07-26_00:13:34.113 [http-nio-8080-exec-3] [, ,  ] WARN  com.nt.rookie.post.config.JwtRequestFilter - JWT Token does not begin with Bearer String
2021-07-26_00:13:34.114 [http-nio-8080-exec-3] [, ,  ] INFO  com.nt.rookie.post.controller.PostController - Function name: getAllPosts
2021-07-26_00:13:34.114 [http-nio-8080-exec-3] [, ,  ] DEBUG com.nt.rookie.post.controller.PostController - Execute get all post list
2021-07-26_00:13:34.117 [http-nio-8080-exec-3] [, ,  ] TRACE com.nt.rookie.post.controller.PostController - Return Post
2021-07-26_00:16:31.220 [http-nio-8080-exec-5] [, ,  ] WARN  com.nt.rookie.post.config.JwtRequestFilter - JWT Token does not begin with Bearer String
2021-07-26_00:16:31.221 [http-nio-8080-exec-5] [, ,  ] INFO  com.nt.rookie.post.controller.PostController - Function name: getAllPosts
2021-07-26_00:16:31.221 [http-nio-8080-exec-5] [, ,  ] DEBUG com.nt.rookie.post.controller.PostController - Execute get all post list
2021-07-26_00:16:31.224 [http-nio-8080-exec-5] [, ,  ] TRACE com.nt.rookie.post.controller.PostController - Return Post
2021-07-26_00:19:06.738 [http-nio-8080-exec-7] [, ,  ] WARN  com.nt.rookie.post.config.JwtRequestFilter - JWT Token does not begin with Bearer String
2021-07-26_00:19:06.738 [http-nio-8080-exec-7] [, ,  ] INFO  com.nt.rookie.post.controller.PostController - Function name: getAllPosts
2021-07-26_00:19:06.738 [http-nio-8080-exec-7] [, ,  ] DEBUG com.nt.rookie.post.controller.PostController - Execute get all post list
2021-07-26_00:19:06.741 [http-nio-8080-exec-7] [, ,  ] TRACE com.nt.rookie.post.controller.PostController - Return Post
2021-07-26_00:20:36.423 [http-nio-8080-exec-10] [, ,  ] WARN  com.nt.rookie.post.config.JwtRequestFilter - JWT Token does not begin with Bearer String
2021-07-26_00:20:38.711 [http-nio-8080-exec-9] [, ,  ] WARN  com.nt.rookie.post.config.JwtRequestFilter - JWT Token does not begin with Bearer String
2021-07-26_00:20:38.712 [http-nio-8080-exec-9] [, ,  ] INFO  com.nt.rookie.post.controller.PostController - Function name: getAllPosts
2021-07-26_00:20:38.712 [http-nio-8080-exec-9] [, ,  ] DEBUG com.nt.rookie.post.controller.PostController - Execute get all post list
2021-07-26_00:20:38.721 [http-nio-8080-exec-9] [, ,  ] TRACE com.nt.rookie.post.controller.PostController - Return Post
2021-07-26_00:22:56.136 [http-nio-8080-exec-2] [, ,  ] WARN  com.nt.rookie.post.config.JwtRequestFilter - JWT Token does not begin with Bearer String
2021-07-26_00:22:56.138 [http-nio-8080-exec-2] [, ,  ] INFO  com.nt.rookie.post.controller.PostController - Function name: getAllPosts
2021-07-26_00:22:56.138 [http-nio-8080-exec-2] [, ,  ] DEBUG com.nt.rookie.post.controller.PostController - Execute get all post list
2021-07-26_00:22:56.141 [http-nio-8080-exec-2] [, ,  ] TRACE com.nt.rookie.post.controller.PostController - Return Post
2021-07-26_00:23:07.416 [http-nio-8080-exec-3] [, ,  ] WARN  com.nt.rookie.post.config.JwtRequestFilter - JWT Token does not begin with Bearer String
2021-07-26_00:23:07.417 [http-nio-8080-exec-3] [, ,  ] INFO  com.nt.rookie.post.controller.PostController - Function name: getAllPosts
2021-07-26_00:23:07.417 [http-nio-8080-exec-3] [, ,  ] DEBUG com.nt.rookie.post.controller.PostController - Execute get all post list
2021-07-26_00:23:07.419 [http-nio-8080-exec-3] [, ,  ] TRACE com.nt.rookie.post.controller.PostController - Return Post
2021-07-26_00:23:25.319 [http-nio-8080-exec-4] [, ,  ] WARN  com.nt.rookie.post.config.JwtRequestFilter - JWT Token does not begin with Bearer String
2021-07-26_00:23:25.319 [http-nio-8080-exec-4] [, ,  ] INFO  com.nt.rookie.post.controller.PostController - Function name: getAllPosts
2021-07-26_00:23:25.319 [http-nio-8080-exec-4] [, ,  ] DEBUG com.nt.rookie.post.controller.PostController - Execute get all post list
2021-07-26_00:23:25.322 [http-nio-8080-exec-4] [, ,  ] TRACE com.nt.rookie.post.controller.PostController - Return Post
2021-07-26_00:26:01.101 [http-nio-8080-exec-6] [, ,  ] WARN  com.nt.rookie.post.config.JwtRequestFilter - JWT Token does not begin with Bearer String
2021-07-26_00:26:01.102 [http-nio-8080-exec-6] [, ,  ] INFO  com.nt.rookie.post.controller.PostController - Function name: getAllPosts
2021-07-26_00:26:01.102 [http-nio-8080-exec-6] [, ,  ] DEBUG com.nt.rookie.post.controller.PostController - Execute get all post list
2021-07-26_00:26:01.106 [http-nio-8080-exec-6] [, ,  ] TRACE com.nt.rookie.post.controller.PostController - Return Post
2021-07-26_00:38:33.645 [http-nio-8080-exec-8] [, ,  ] WARN  com.nt.rookie.post.config.JwtRequestFilter - JWT Token does not begin with Bearer String
2021-07-26_00:38:33.648 [http-nio-8080-exec-8] [, ,  ] INFO  com.nt.rookie.post.controller.PostController - Function name: getAllPosts
2021-07-26_00:38:33.649 [http-nio-8080-exec-8] [, ,  ] DEBUG com.nt.rookie.post.controller.PostController - Execute get all post list
2021-07-26_00:38:33.669 [http-nio-8080-exec-8] [, ,  ] TRACE com.nt.rookie.post.controller.PostController - Return Post
2021-07-26_00:38:44.492 [SpringApplicationShutdownHook] [, ,  ] INFO  org.springframework.orm.jpa.LocalContainerEntityManagerFactoryBean - Closing JPA EntityManagerFactory for persistence unit 'default'
2021-07-26_00:38:44.495 [SpringApplicationShutdownHook] [, ,  ] INFO  com.zaxxer.hikari.HikariDataSource - HikariPool-1 - Shutdown initiated...
2021-07-26_00:38:44.499 [SpringApplicationShutdownHook] [, ,  ] INFO  com.zaxxer.hikari.HikariDataSource - HikariPool-1 - Shutdown completed.
2021-07-26_08:04:59.149 [main] [, ,  ] INFO  com.nt.rookie.post.PostSpringMvcApplication - Starting PostSpringMvcApplication using Java 11.0.12 on doffy-inspriron-7559 with PID 13553 (/home/daoninhthai/Documents/JavaNashTech/NashTech/Java-Rookies-B2/Compound exercises/my-posts-rest-apis/target/classes started by daoninhthai in /home/daoninhthai/Documents/JavaNashTech/NashTech/Java-Rookies-B2/Compound exercises/my-posts-rest-apis)
2021-07-26_08:04:59.152 [main] [, ,  ] DEBUG com.nt.rookie.post.PostSpringMvcApplication - Running with Spring Boot v2.5.2, Spring v5.3.8
2021-07-26_08:04:59.152 [main] [, ,  ] INFO  com.nt.rookie.post.PostSpringMvcApplication - No active profile set, falling back to default profiles: default
2021-07-26_08:04:59.191 [background-preinit] [, ,  ] INFO  org.hibernate.validator.internal.util.Version - HV000001: Hibernate Validator 6.1.1.Final
2021-07-26_08:05:00.084 [main] [, ,  ] INFO  o.s.data.repository.config.RepositoryConfigurationDelegate - Bootstrapping Spring Data JPA repositories in DEFAULT mode.
2021-07-26_08:05:00.132 [main] [, ,  ] INFO  o.s.data.repository.config.RepositoryConfigurationDelegate - Finished Spring Data repository scanning in 40 ms. Found 2 JPA repository interfaces.
2021-07-26_08:05:00.579 [main] [, ,  ] INFO  org.springframework.boot.web.embedded.tomcat.TomcatWebServer - Tomcat initialized with port(s): 8080 (http)
2021-07-26_08:05:00.587 [main] [, ,  ] INFO  org.apache.coyote.http11.Http11NioProtocol - Initializing ProtocolHandler ["http-nio-8080"]
2021-07-26_08:05:00.587 [main] [, ,  ] INFO  org.apache.catalina.core.StandardService - Starting service [Tomcat]
2021-07-26_08:05:00.587 [main] [, ,  ] INFO  org.apache.catalina.core.StandardEngine - Starting Servlet engine: [Apache Tomcat/9.0.48]
2021-07-26_08:05:00.647 [main] [, ,  ] INFO  org.apache.catalina.core.ContainerBase.[Tomcat].[localhost].[/] - Initializing Spring embedded WebApplicationContext
2021-07-26_08:05:00.648 [main] [, ,  ] INFO  o.s.boot.web.servlet.context.ServletWebServerApplicationContext - Root WebApplicationContext: initialization completed in 1409 ms
2021-07-26_08:05:00.770 [main] [, ,  ] INFO  com.zaxxer.hikari.HikariDataSource - HikariPool-1 - Starting...
2021-07-26_08:05:01.017 [main] [, ,  ] INFO  com.zaxxer.hikari.HikariDataSource - HikariPool-1 - Start completed.
2021-07-26_08:05:01.065 [main] [, ,  ] INFO  org.hibernate.jpa.internal.util.LogHelper - HHH000204: Processing PersistenceUnitInfo [name: default]
2021-07-26_08:05:01.114 [main] [, ,  ] INFO  org.hibernate.Version - HHH000412: Hibernate ORM core version 5.4.18.Final
2021-07-26_08:05:01.270 [main] [, ,  ] INFO  org.hibernate.annotations.common.Version - HCANN000001: Hibernate Commons Annotations {5.1.0.Final}
2021-07-26_08:05:01.372 [main] [, ,  ] INFO  org.hibernate.dialect.Dialect - HHH000400: Using dialect: org.hibernate.dialect.MySQL8Dialect
2021-07-26_08:05:01.920 [main] [, ,  ] INFO  o.h.engine.transaction.jta.platform.internal.JtaPlatformInitiator - HHH000490: Using JtaPlatform implementation: [org.hibernate.engine.transaction.jta.platform.internal.NoJtaPlatform]
2021-07-26_08:05:01.925 [main] [, ,  ] INFO  org.springframework.orm.jpa.LocalContainerEntityManagerFactoryBean - Initialized JPA EntityManagerFactory for persistence unit 'default'
2021-07-26_08:05:02.183 [main] [, ,  ] DEBUG com.nt.rookie.post.config.JwtRequestFilter - Filter 'jwtRequestFilter' configured for use
2021-07-26_08:05:02.237 [main] [, ,  ] WARN  o.s.b.a.orm.jpa.JpaBaseConfiguration$JpaWebConfiguration - spring.jpa.open-in-view is enabled by default. Therefore, database queries may be performed during view rendering. Explicitly configure spring.jpa.open-in-view to disable this warning
2021-07-26_08:05:02.597 [main] [, ,  ] INFO  s.d.spring.web.PropertySourcedRequestMappingHandlerMapping - Mapped URL path [/v2/api-docs] onto method [springfox.documentation.swagger2.web.Swagger2Controller#getDocumentation(String, HttpServletRequest)]
2021-07-26_08:05:02.772 [main] [, ,  ] INFO  org.springframework.security.web.DefaultSecurityFilterChain - Will secure any request with [org.springframework.security.web.context.request.async.WebAsyncManagerIntegrationFilter@395abe85, org.springframework.security.web.context.SecurityContextPersistenceFilter@3ec52163, org.springframework.security.web.header.HeaderWriterFilter@705dc1a6, org.springframework.web.filter.CorsFilter@55849272, org.springframework.security.web.authentication.logout.LogoutFilter@560c3758, com.nt.rookie.post.config.JwtRequestFilter@fdf029a, org.springframework.security.web.authentication.UsernamePasswordAuthenticationFilter@17e4beda, org.springframework.security.web.savedrequest.RequestCacheAwareFilter@1fe2c5ad, org.springframework.security.web.servletapi.SecurityContextHolderAwareRequestFilter@4718d320, org.springframework.security.web.authentication.AnonymousAuthenticationFilter@2eb91767, org.springframework.security.web.session.SessionManagementFilter@7af7c9aa, org.springframework.security.web.access.ExceptionTranslationFilter@25762f04, org.springframework.security.web.access.intercept.FilterSecurityInterceptor@14091e24]
2021-07-26_08:05:02.910 [main] [, ,  ] INFO  org.apache.coyote.http11.Http11NioProtocol - Starting ProtocolHandler ["http-nio-8080"]
2021-07-26_08:05:02.923 [main] [, ,  ] INFO  org.springframework.boot.web.embedded.tomcat.TomcatWebServer - Tomcat started on port(s): 8080 (http) with context path ''
2021-07-26_08:05:02.924 [main] [, ,  ] INFO  s.d.spring.web.plugins.DocumentationPluginsBootstrapper - Context refreshed
2021-07-26_08:05:02.937 [main] [, ,  ] INFO  s.d.spring.web.plugins.DocumentationPluginsBootstrapper - Found 1 custom documentation plugin(s)
2021-07-26_08:05:02.957 [main] [, ,  ] INFO  s.documentation.spring.web.scanners.ApiListingReferenceScanner - Scanning for api listing references
2021-07-26_08:05:02.974 [main] [, ,  ] INFO  com.nt.rookie.post.PostSpringMvcApplication - Started PostSpringMvcApplication in 4.377 seconds (JVM running for 4.891)
2021-07-26_08:05:19.700 [http-nio-8080-exec-1] [, ,  ] INFO  org.apache.catalina.core.ContainerBase.[Tomcat].[localhost].[/] - Initializing Spring DispatcherServlet 'dispatcherServlet'
2021-07-26_08:05:19.700 [http-nio-8080-exec-1] [, ,  ] INFO  org.springframework.web.servlet.DispatcherServlet - Initializing Servlet 'dispatcherServlet'
2021-07-26_08:05:19.702 [http-nio-8080-exec-1] [, ,  ] INFO  org.springframework.web.servlet.DispatcherServlet - Completed initialization in 1 ms
2021-07-26_08:05:19.802 [http-nio-8080-exec-1] [, ,  ] WARN  com.nt.rookie.post.config.JwtRequestFilter - JWT Token does not begin with Bearer String
2021-07-26_08:05:19.881 [http-nio-8080-exec-1] [, ,  ] INFO  com.nt.rookie.post.controller.PostController - Function name: getAllPosts
2021-07-26_08:05:19.882 [http-nio-8080-exec-1] [, ,  ] DEBUG com.nt.rookie.post.controller.PostController - Execute get all post list
2021-07-26_08:05:20.139 [http-nio-8080-exec-1] [, ,  ] TRACE com.nt.rookie.post.controller.PostController - Return Post
2021-07-26_08:05:49.363 [http-nio-8080-exec-2] [, ,  ] WARN  com.nt.rookie.post.config.JwtRequestFilter - JWT Token does not begin with Bearer String
2021-07-26_08:05:49.364 [http-nio-8080-exec-2] [, ,  ] INFO  com.nt.rookie.post.controller.PostController - Function name: getAllPosts
2021-07-26_08:05:49.364 [http-nio-8080-exec-2] [, ,  ] DEBUG com.nt.rookie.post.controller.PostController - Execute get all post list
2021-07-26_08:05:49.380 [http-nio-8080-exec-2] [, ,  ] TRACE com.nt.rookie.post.controller.PostController - Return Post
2021-07-26_08:08:18.625 [http-nio-8080-exec-5] [, ,  ] WARN  com.nt.rookie.post.config.JwtRequestFilter - JWT Token does not begin with Bearer String
2021-07-26_08:08:46.227 [http-nio-8080-exec-6] [, ,  ] WARN  com.nt.rookie.post.config.JwtRequestFilter - JWT Token does not begin with Bearer String
2021-07-26_08:08:46.228 [http-nio-8080-exec-6] [, ,  ] INFO  com.nt.rookie.post.controller.PostController - Function name: getAllPosts
2021-07-26_08:08:46.229 [http-nio-8080-exec-6] [, ,  ] DEBUG com.nt.rookie.post.controller.PostController - Execute get all post list
2021-07-26_08:08:46.236 [http-nio-8080-exec-6] [, ,  ] TRACE com.nt.rookie.post.controller.PostController - Return Post
2021-07-26_08:09:23.589 [http-nio-8080-exec-7] [, ,  ] WARN  com.nt.rookie.post.config.JwtRequestFilter - JWT Token does not begin with Bearer String
2021-07-26_08:09:24.613 [http-nio-8080-exec-8] [, ,  ] WARN  com.nt.rookie.post.config.JwtRequestFilter - JWT Token does not begin with Bearer String
2021-07-26_08:09:24.614 [http-nio-8080-exec-8] [, ,  ] INFO  com.nt.rookie.post.controller.PostController - Function name: getAllPosts
2021-07-26_08:09:24.614 [http-nio-8080-exec-8] [, ,  ] DEBUG com.nt.rookie.post.controller.PostController - Execute get all post list
2021-07-26_08:09:24.620 [http-nio-8080-exec-8] [, ,  ] TRACE com.nt.rookie.post.controller.PostController - Return Post
2021-07-26_08:09:36.120 [http-nio-8080-exec-9] [, ,  ] WARN  com.nt.rookie.post.config.JwtRequestFilter - JWT Token does not begin with Bearer String
2021-07-26_08:09:36.120 [http-nio-8080-exec-9] [, ,  ] INFO  com.nt.rookie.post.controller.PostController - Function name: getAllPosts
2021-07-26_08:09:36.120 [http-nio-8080-exec-9] [, ,  ] DEBUG com.nt.rookie.post.controller.PostController - Execute get all post list
2021-07-26_08:09:36.125 [http-nio-8080-exec-9] [, ,  ] TRACE com.nt.rookie.post.controller.PostController - Return Post
2021-07-26_08:09:53.983 [http-nio-8080-exec-10] [, ,  ] WARN  com.nt.rookie.post.config.JwtRequestFilter - JWT Token does not begin with Bearer String
2021-07-26_08:09:53.984 [http-nio-8080-exec-10] [, ,  ] INFO  com.nt.rookie.post.controller.PostController - Function name: getAllPosts
2021-07-26_08:09:53.984 [http-nio-8080-exec-10] [, ,  ] DEBUG com.nt.rookie.post.controller.PostController - Execute get all post list
2021-07-26_08:09:53.989 [http-nio-8080-exec-10] [, ,  ] TRACE com.nt.rookie.post.controller.PostController - Return Post
2021-07-26_08:09:55.432 [http-nio-8080-exec-1] [, ,  ] WARN  com.nt.rookie.post.config.JwtRequestFilter - JWT Token does not begin with Bearer String
2021-07-26_08:10:17.555 [http-nio-8080-exec-4] [, ,  ] WARN  com.nt.rookie.post.config.JwtRequestFilter - JWT Token does not begin with Bearer String
2021-07-26_08:10:17.556 [http-nio-8080-exec-4] [, ,  ] INFO  com.nt.rookie.post.controller.PostController - Function name: getAllPosts
2021-07-26_08:10:17.556 [http-nio-8080-exec-4] [, ,  ] DEBUG com.nt.rookie.post.controller.PostController - Execute get all post list
2021-07-26_08:10:17.562 [http-nio-8080-exec-4] [, ,  ] TRACE com.nt.rookie.post.controller.PostController - Return Post
